  [1m[36m (268.1ms)[0m  [1mCREATE TABLE `schema_migrations` (`version` varchar(255) NOT NULL) ENGINE=InnoDB[0m
  [1m[35m (246.0ms)[0m  CREATE UNIQUE INDEX `unique_schema_migrations`  ON `schema_migrations` (`version`) 
  [1m[36mActiveRecord::SchemaMigration Load (0.2ms)[0m  [1mSELECT `schema_migrations`.* FROM `schema_migrations`[0m
Migrating to CreateFunctions (20150728000749)
  [1m[35m (62.1ms)[0m  CREATE TABLE `functions` (`id` int(11) auto_increment PRIMARY KEY, `name` varchar(255), `created_at` datetime NOT NULL, `updated_at` datetime NOT NULL) ENGINE=InnoDB
  [1m[36m (0.1ms)[0m  [1mBEGIN[0m
  [1m[35mSQL (14.4ms)[0m  INSERT INTO `schema_migrations` (`version`) VALUES ('20150728000749')
  [1m[36m (37.1ms)[0m  [1mCOMMIT[0m
  [1m[35mActiveRecord::SchemaMigration Load (0.2ms)[0m  SELECT `schema_migrations`.* FROM `schema_migrations`
  [1m[36m (0.2ms)[0m  [1mSELECT fk.referenced_table_name as 'to_table'
      ,fk.referenced_column_name as 'primary_key'
      ,fk.column_name as 'column'
      ,fk.constraint_name as 'name'
FROM information_schema.key_column_usage fk
WHERE fk.referenced_column_name is not null
  AND fk.table_schema = 'quiz-educar_development'
  AND fk.table_name = 'functions'
[0m
  [1m[35m (0.2ms)[0m  SHOW CREATE TABLE `functions`


Started GET "/" for 127.0.0.1 at 2015-07-27 21:09:40 -0300
  [1m[36mActiveRecord::SchemaMigration Load (0.2ms)[0m  [1mSELECT `schema_migrations`.* FROM `schema_migrations`[0m
Processing by Rails::WelcomeController#index as HTML
  Rendered /home/wilma/.rvm/gems/ruby-2.2.2/gems/railties-4.2.0/lib/rails/templates/rails/welcome/index.html.erb (1.8ms)
Completed 200 OK in 27ms (Views: 10.8ms | ActiveRecord: 0.0ms)


Started GET "/function" for 127.0.0.1 at 2015-07-27 21:09:49 -0300

ActionController::RoutingError (No route matches [GET] "/function"):
  actionpack (4.2.0) lib/action_dispatch/middleware/debug_exceptions.rb:21:in `call'
  web-console (2.2.1) lib/web_console/middleware.rb:39:in `call'
  actionpack (4.2.0) lib/action_dispatch/middleware/show_exceptions.rb:30:in `call'
  railties (4.2.0) lib/rails/rack/logger.rb:38:in `call_app'
  railties (4.2.0) lib/rails/rack/logger.rb:20:in `block in call'
  activesupport (4.2.0) lib/active_support/tagged_logging.rb:68:in `block in tagged'
  activesupport (4.2.0) lib/active_support/tagged_logging.rb:26:in `tagged'
  activesupport (4.2.0) lib/active_support/tagged_logging.rb:68:in `tagged'
  railties (4.2.0) lib/rails/rack/logger.rb:20:in `call'
  actionpack (4.2.0) lib/action_dispatch/middleware/request_id.rb:21:in `call'
  rack (1.6.4) lib/rack/methodoverride.rb:22:in `call'
  rack (1.6.4) lib/rack/runtime.rb:18:in `call'
  activesupport (4.2.0) lib/active_support/cache/strategy/local_cache_middleware.rb:28:in `call'
  rack (1.6.4) lib/rack/lock.rb:17:in `call'
  actionpack (4.2.0) lib/action_dispatch/middleware/static.rb:113:in `call'
  rack (1.6.4) lib/rack/sendfile.rb:113:in `call'
  railties (4.2.0) lib/rails/engine.rb:518:in `call'
  railties (4.2.0) lib/rails/application.rb:164:in `call'
  rack (1.6.4) lib/rack/lock.rb:17:in `call'
  rack (1.6.4) lib/rack/content_length.rb:15:in `call'
  rack (1.6.4) lib/rack/handler/webrick.rb:88:in `service'
  /home/wilma/.rvm/rubies/ruby-2.2.2/lib/ruby/2.2.0/webrick/httpserver.rb:138:in `service'
  /home/wilma/.rvm/rubies/ruby-2.2.2/lib/ruby/2.2.0/webrick/httpserver.rb:94:in `run'
  /home/wilma/.rvm/rubies/ruby-2.2.2/lib/ruby/2.2.0/webrick/server.rb:294:in `block in start_thread'


  Rendered /home/wilma/.rvm/gems/ruby-2.2.2/gems/actionpack-4.2.0/lib/action_dispatch/middleware/templates/rescues/_trace.html.erb (2.7ms)
  Rendered /home/wilma/.rvm/gems/ruby-2.2.2/gems/actionpack-4.2.0/lib/action_dispatch/middleware/templates/routes/_route.html.erb (1.6ms)
  Rendered /home/wilma/.rvm/gems/ruby-2.2.2/gems/actionpack-4.2.0/lib/action_dispatch/middleware/templates/routes/_table.html.erb (15.6ms)
  Rendered /home/wilma/.rvm/gems/ruby-2.2.2/gems/actionpack-4.2.0/lib/action_dispatch/middleware/templates/rescues/_request_and_response.html.erb (1.4ms)
  Rendered /home/wilma/.rvm/gems/ruby-2.2.2/gems/actionpack-4.2.0/lib/action_dispatch/middleware/templates/rescues/routing_error.html.erb within rescues/layout (53.1ms)
  Rendered /home/wilma/.rvm/gems/ruby-2.2.2/gems/web-console-2.2.1/lib/web_console/templates/_markup.html.erb (0.6ms)
  Rendered /home/wilma/.rvm/gems/ruby-2.2.2/gems/web-console-2.2.1/lib/web_console/templates/_inner_console_markup.html.erb within layouts/inlined_string (0.5ms)
  Rendered /home/wilma/.rvm/gems/ruby-2.2.2/gems/web-console-2.2.1/lib/web_console/templates/_prompt_box_markup.html.erb within layouts/inlined_string (0.3ms)
  Rendered /home/wilma/.rvm/gems/ruby-2.2.2/gems/web-console-2.2.1/lib/web_console/templates/style.css.erb within layouts/inlined_string (0.6ms)
  Rendered /home/wilma/.rvm/gems/ruby-2.2.2/gems/web-console-2.2.1/lib/web_console/templates/console.js.erb within layouts/javascript (25.8ms)
  Rendered /home/wilma/.rvm/gems/ruby-2.2.2/gems/web-console-2.2.1/lib/web_console/templates/main.js.erb within layouts/javascript (0.5ms)
  Rendered /home/wilma/.rvm/gems/ruby-2.2.2/gems/web-console-2.2.1/lib/web_console/templates/error_page.js.erb within layouts/javascript (0.6ms)
  Rendered /home/wilma/.rvm/gems/ruby-2.2.2/gems/web-console-2.2.1/lib/web_console/templates/index.html.erb (87.5ms)


Started GET "/functions" for 127.0.0.1 at 2015-07-27 21:09:51 -0300
Processing by FunctionsController#index as HTML
  [1m[35mFunction Load (1.5ms)[0m  SELECT `functions`.* FROM `functions`
  Rendered functions/index.html.erb within layouts/application (6.3ms)
Completed 200 OK in 1394ms (Views: 1389.0ms | ActiveRecord: 2.2ms)


Started GET "/assets/functions.self-e3b0c44298fc1c149afbf4c8996fb92427ae41e4649b934ca495991b7852b855.css?body=1" for 127.0.0.1 at 2015-07-27 21:09:52 -0300


Started GET "/assets/scaffolds.self-bb10edd9c1ef5e2f5fa3656dab0f9678f55572ba0415148a0544909acf4c99f9.css?body=1" for 127.0.0.1 at 2015-07-27 21:09:52 -0300


Started GET "/assets/functions.self-877aef30ae1b040ab8a3aba4e3e309a11d7f2612f44dde450b5c157aa5f95c05.js?body=1" for 127.0.0.1 at 2015-07-27 21:09:52 -0300


Started GET "/assets/application.self-3a3c8b61bda630ee689740ce7cbd0dd8ea6fdd45e2c42eef4661ab38cf268afe.js?body=1" for 127.0.0.1 at 2015-07-27 21:09:52 -0300


Started GET "/functions/new" for 127.0.0.1 at 2015-07-27 21:09:56 -0300
Processing by FunctionsController#new as HTML
  Rendered functions/_form.html.erb (20.2ms)
  Rendered functions/new.html.erb within layouts/application (22.7ms)
Completed 200 OK in 91ms (Views: 84.8ms | ActiveRecord: 0.5ms)


Started GET "/functions" for 127.0.0.1 at 2015-07-27 21:52:00 -0300
  [1m[36mActiveRecord::SchemaMigration Load (0.3ms)[0m  [1mSELECT `schema_migrations`.* FROM `schema_migrations`[0m
Processing by FunctionsController#index as HTML
  [1m[35mFunction Load (0.3ms)[0m  SELECT `functions`.* FROM `functions`
  Rendered functions/index.html.erb within layouts/application (4.0ms)
Completed 200 OK in 258ms (Views: 242.3ms | ActiveRecord: 0.8ms)


Started GET "/functions/new" for 127.0.0.1 at 2015-07-27 21:52:03 -0300
Processing by FunctionsController#new as HTML
  Rendered functions/_form.html.erb (19.9ms)
  Rendered functions/new.html.erb within layouts/application (25.0ms)
Completed 200 OK in 59ms (Views: 54.5ms | ActiveRecord: 0.4ms)


Started POST "/functions" for 127.0.0.1 at 2015-07-27 21:52:10 -0300
Processing by FunctionsController#create as HTML
  Parameters: {"utf8"=>"✓", "authenticity_token"=>"d8WQGDFQooFRO9gsKvD4NOmeem9J9pRCg6sm6rt3wzo4jU8YZYBE8HoXeSSf8M4yP1R9SWqb4Sg2pB7HZ9zD1A==", "function"=>{"name"=>"as"}, "commit"=>"Create Function"}
  [1m[36m (0.1ms)[0m  [1mBEGIN[0m
  [1m[35mSQL (64.5ms)[0m  INSERT INTO `functions` (`name`, `created_at`, `updated_at`) VALUES ('as', '2015-07-28 00:52:10.150093', '2015-07-28 00:52:10.150093')
  [1m[36m (59.1ms)[0m  [1mCOMMIT[0m
Redirected to http://localhost:3000/functions/1
Completed 302 Found in 128ms (ActiveRecord: 123.7ms)


Started GET "/functions/1" for 127.0.0.1 at 2015-07-27 21:52:10 -0300
Processing by FunctionsController#show as HTML
  Parameters: {"id"=>"1"}
  [1m[35mFunction Load (0.3ms)[0m  SELECT  `functions`.* FROM `functions` WHERE `functions`.`id` = 1 LIMIT 1
  Rendered functions/show.html.erb within layouts/application (1.1ms)
Completed 200 OK in 39ms (Views: 32.5ms | ActiveRecord: 0.3ms)


Started GET "/functions" for 127.0.0.1 at 2015-07-27 21:52:11 -0300
Processing by FunctionsController#index as HTML
  [1m[36mFunction Load (0.4ms)[0m  [1mSELECT `functions`.* FROM `functions`[0m
  Rendered functions/index.html.erb within layouts/application (3.0ms)
Completed 200 OK in 67ms (Views: 66.2ms | ActiveRecord: 0.4ms)
